# JRE version: OpenJDK Runtime Environment (8.0_152-b02) (build 1.8.0_152-release-1024-b02)
# Java VM: OpenJDK 64-Bit Server VM (25.152-b02 mixed mode windows-amd64 compressed oops)
Heap:
 PSYoungGen      total 222720K, used 82528K [0x00000000e0000000, 0x00000000f3a80000, 0x0000000100000000)
  eden space 195072K, 32% used [0x00000000e0000000,0x00000000e3d13e00,0x00000000ebe80000)
  from space 27648K, 72% used [0x00000000ebe80000,0x00000000ed2045a8,0x00000000ed980000)
  to   space 29184K, 0% used [0x00000000f1e00000,0x00000000f1e00000,0x00000000f3a80000)
 ParOldGen       total 95744K, used 30728K [0x00000000a0000000, 0x00000000a5d80000, 0x00000000e0000000)
  object space 95744K, 32% used [0x00000000a0000000,0x00000000a1e020f8,0x00000000a5d80000)
 Metaspace       used 80377K, capacity 84233K, committed 84392K, reserved 1122304K
  class space    used 10437K, capacity 11160K, committed 11184K, reserved 1048576K
GC Heap History (10 events):
Event: 475.313 GC heap before
{Heap before GC invocations=18 (full 3):
 PSYoungGen      total 179712K, used 175869K [0x00000000e0000000, 0x00000000ec700000, 0x0000000100000000)
  eden space 162304K, 100% used [0x00000000e0000000,0x00000000e9e80000,0x00000000e9e80000)
  from space 17408K, 77% used [0x00000000eb100000,0x00000000ebe3f6e8,0x00000000ec200000)
  to   space 18944K, 0% used [0x00000000e9e80000,0x00000000e9e80000,0x00000000eb100000)
 ParOldGen       total 95744K, used 28125K [0x00000000a0000000, 0x00000000a5d80000, 0x00000000e0000000)
  object space 95744K, 29% used [0x00000000a0000000,0x00000000a1b775c8,0x00000000a5d80000)
 Metaspace       used 62421K, capacity 64489K, committed 64680K, reserved 1105920K
  class space    used 8110K, capacity 8584K, committed 8624K, reserved 1048576K
Event: 475.332 GC heap after
Heap after GC invocations=18 (full 3):
 PSYoungGen      total 181248K, used 10894K [0x00000000e0000000, 0x00000000ed680000, 0x0000000100000000)
  eden space 162304K, 0% used [0x00000000e0000000,0x00000000e0000000,0x00000000e9e80000)
  from space 18944K, 57% used [0x00000000e9e80000,0x00000000ea923978,0x00000000eb100000)
  to   space 18432K, 0% used [0x00000000ec480000,0x00000000ec480000,0x00000000ed680000)
 ParOldGen       total 95744K, used 28133K [0x00000000a0000000, 0x00000000a5d80000, 0x00000000e0000000)
  object space 95744K, 29% used [0x00000000a0000000,0x00000000a1b795c8,0x00000000a5d80000)
 Metaspace       used 62421K, capacity 64489K, committed 64680K, reserved 1105920K
  class space    used 8110K, capacity 8584K, committed 8624K, reserved 1048576K
}
Event: 485.998 GC heap before
{Heap before GC invocations=19 (full 3):
 PSYoungGen      total 181248K, used 172697K [0x00000000e0000000, 0x00000000ed680000, 0x0000000100000000)
  eden space 162304K, 99% used [0x00000000e0000000,0x00000000e9e02ce8,0x00000000e9e80000)
  from space 18944K, 57% used [0x00000000e9e80000,0x00000000ea923978,0x00000000eb100000)
  to   space 18432K, 0% used [0x00000000ec480000,0x00000000ec480000,0x00000000ed680000)
 ParOldGen       total 95744K, used 28133K [0x00000000a0000000, 0x00000000a5d80000, 0x00000000e0000000)
  object space 95744K, 29% used [0x00000000a0000000,0x00000000a1b795c8,0x00000000a5d80000)
 Metaspace       used 68661K, capacity 70943K, committed 71080K, reserved 1112064K
  class space    used 8835K, capacity 9351K, committed 9392K, reserved 1048576K
Event: 486.035 GC heap after
Heap after GC invocations=19 (full 3):
 PSYoungGen      total 198656K, used 17778K [0x00000000e0000000, 0x00000000edc80000, 0x0000000100000000)
  eden space 180224K, 0% used [0x00000000e0000000,0x00000000e0000000,0x00000000eb000000)
  from space 18432K, 96% used [0x00000000ec480000,0x00000000ed5dcba0,0x00000000ed680000)
  to   space 20992K, 0% used [0x00000000eb000000,0x00000000eb000000,0x00000000ec480000)
 ParOldGen       total 95744K, used 28149K [0x00000000a0000000, 0x00000000a5d80000, 0x00000000e0000000)
  object space 95744K, 29% used [0x00000000a0000000,0x00000000a1b7d5c8,0x00000000a5d80000)
 Metaspace       used 68661K, capacity 70943K, committed 71080K, reserved 1112064K
  class space    used 8835K, capacity 9351K, committed 9392K, reserved 1048576K
}
Event: 492.391 GC heap before
{Heap before GC invocations=20 (full 3):
 PSYoungGen      total 198656K, used 198002K [0x00000000e0000000, 0x00000000edc80000, 0x0000000100000000)
  eden space 180224K, 100% used [0x00000000e0000000,0x00000000eb000000,0x00000000eb000000)
  from space 18432K, 96% used [0x00000000ec480000,0x00000000ed5dcba0,0x00000000ed680000)
  to   space 20992K, 0% used [0x00000000eb000000,0x00000000eb000000,0x00000000ec480000)
 ParOldGen       total 95744K, used 28149K [0x00000000a0000000, 0x00000000a5d80000, 0x00000000e0000000)
  object space 95744K, 29% used [0x00000000a0000000,0x00000000a1b7d5c8,0x00000000a5d80000)
 Metaspace       used 70729K, capacity 73249K, committed 73512K, reserved 1114112K
  class space    used 9106K, capacity 9652K, committed 9776K, reserved 1048576K
Event: 492.432 GC heap after
Heap after GC invocations=20 (full 3):
 PSYoungGen      total 201216K, used 19462K [0x00000000e0000000, 0x00000000ef080000, 0x0000000100000000)
  eden space 180224K, 0% used [0x00000000e0000000,0x00000000e0000000,0x00000000eb000000)
  from space 20992K, 92% used [0x00000000eb000000,0x00000000ec301988,0x00000000ec480000)
  to   space 23552K, 0% used [0x00000000ed980000,0x00000000ed980000,0x00000000ef080000)
 ParOldGen       total 95744K, used 28157K [0x00000000a0000000, 0x00000000a5d80000, 0x00000000e0000000)
  object space 95744K, 29% used [0x00000000a0000000,0x00000000a1b7f5c8,0x00000000a5d80000)
 Metaspace       used 70729K, capacity 73249K, committed 73512K, reserved 1114112K
  class space    used 9106K, capacity 9652K, committed 9776K, reserved 1048576K
}
Event: 518.846 GC heap before
{Heap before GC invocations=21 (full 3):
 PSYoungGen      total 201216K, used 199686K [0x00000000e0000000, 0x00000000ef080000, 0x0000000100000000)
  eden space 180224K, 100% used [0x00000000e0000000,0x00000000eb000000,0x00000000eb000000)
  from space 20992K, 92% used [0x00000000eb000000,0x00000000ec301988,0x00000000ec480000)
  to   space 23552K, 0% used [0x00000000ed980000,0x00000000ed980000,0x00000000ef080000)
 ParOldGen       total 95744K, used 28157K [0x00000000a0000000, 0x00000000a5d80000, 0x00000000e0000000)
  object space 95744K, 29% used [0x00000000a0000000,0x00000000a1b7f5c8,0x00000000a5d80000)
 Metaspace       used 79133K, capacity 82963K, committed 83240K, reserved 1122304K
  class space    used 10258K, capacity 11007K, committed 11056K, reserved 1048576K
Event: 518.889 GC heap after
Heap after GC invocations=21 (full 3):
 PSYoungGen      total 218624K, used 23530K [0x00000000e0000000, 0x00000000ef680000, 0x0000000100000000)
  eden space 195072K, 0% used [0x00000000e0000000,0x00000000e0000000,0x00000000ebe80000)
  from space 23552K, 99% used [0x00000000ed980000,0x00000000ef07abc8,0x00000000ef080000)
  to   space 27648K, 0% used [0x00000000ebe80000,0x00000000ebe80000,0x00000000ed980000)
 ParOldGen       total 95744K, used 30720K [0x00000000a0000000, 0x00000000a5d80000, 0x00000000e0000000)
  object space 95744K, 32% used [0x00000000a0000000,0x00000000a1e000f8,0x00000000a5d80000)
 Metaspace       used 79133K, capacity 82963K, committed 83240K, reserved 1122304K
  class space    used 10258K, capacity 11007K, committed 11056K, reserved 1048576K
}
Event: 518.955 GC heap before
{Heap before GC invocations=22 (full 3):
 PSYoungGen      total 218624K, used 218566K [0x00000000e0000000, 0x00000000ef680000, 0x0000000100000000)
  eden space 195072K, 99% used [0x00000000e0000000,0x00000000ebe76e60,0x00000000ebe80000)
  from space 23552K, 99% used [0x00000000ed980000,0x00000000ef07abc8,0x00000000ef080000)
  to   space 27648K, 0% used [0x00000000ebe80000,0x00000000ebe80000,0x00000000ed980000)
 ParOldGen       total 95744K, used 30720K [0x00000000a0000000, 0x00000000a5d80000, 0x00000000e0000000)
  object space 95744K, 32% used [0x00000000a0000000,0x00000000a1e000f8,0x00000000a5d80000)
 Metaspace       used 79143K, capacity 82963K, committed 83240K, reserved 1122304K
  class space    used 10258K, capacity 11007K, committed 11056K, reserved 1048576K
Event: 518.983 GC heap after
Heap after GC invocations=22 (full 3):
 PSYoungGen      total 222720K, used 19985K [0x00000000e0000000, 0x00000000f3a80000, 0x0000000100000000)
  eden space 195072K, 0% used [0x00000000e0000000,0x00000000e0000000,0x00000000ebe80000)
  from space 27648K, 72% used [0x00000000ebe80000,0x00000000ed2045a8,0x00000000ed980000)
  to   space 29184K, 0% used [0x00000000f1e00000,0x00000000f1e00000,0x00000000f3a80000)
 ParOldGen       total 95744K, used 30728K [0x00000000a0000000, 0x00000000a5d80000, 0x00000000e0000000)
  object space 95744K, 32% used [0x00000000a0000000,0x00000000a1e020f8,0x00000000a5d80000)
 Metaspace       used 79143K, capacity 82963K, committed 83240K, reserved 1122304K
  class space    used 10258K, capacity 11007K, committed 11056K, reserved 1048576K
}

